<?xml version="1.0" encoding="UTF-8"?>
<testng-results ignored="0" total="1" passed="1" failed="0" skipped="0">
  <reporter-output>
  </reporter-output>
  <suite started-at="2023-02-11T15:36:07 ICT" name="Default suite" finished-at="2023-02-11T15:36:13 ICT" duration-ms="5540">
    <groups>
    </groups>
    <test started-at="2023-02-11T15:36:07 ICT" name="Default test" finished-at="2023-02-11T15:36:13 ICT" duration-ms="5540">
      <class name="example.NewTest">
        <test-method is-config="true" signature="beforeClass()[pri:0, instance:example.NewTest@1e0b4072]" started-at="2023-02-11T15:36:07 ICT" name="beforeClass" finished-at="2023-02-11T15:36:12 ICT" duration-ms="4899" status="PASS">
          <reporter-output>
          </reporter-output>
        </test-method> <!-- beforeClass -->
        <test-method signature="TC01_CheckEnvironment()[pri:0, instance:example.NewTest@1e0b4072]" started-at="2023-02-11T15:36:12 ICT" name="TC01_CheckEnvironment" finished-at="2023-02-11T15:36:12 ICT" duration-ms="7" status="PASS">
          <reporter-output>
          </reporter-output>
        </test-method> <!-- TC01_CheckEnvironment -->
        <test-method is-config="true" signature="afterClass()[pri:0, instance:example.NewTest@1e0b4072]" started-at="2023-02-11T15:36:12 ICT" name="afterClass" finished-at="2023-02-11T15:36:13 ICT" duration-ms="614" status="PASS">
          <reporter-output>
          </reporter-output>
        </test-method> <!-- afterClass -->
      </class> <!-- example.NewTest -->
    </test> <!-- Default test -->
  </suite> <!-- Default suite -->
</testng-results>
